<?xml version="1.0" encoding="UTF-8" ?>
<testsuite failures="0" time="0.029" errors="0" skipped="0" tests="1" name="dcll.bth.MySimpleXML.AppTest">
  <properties>
    <property name="java.runtime.name" value="Java(TM) SE Runtime Environment"/>
    <property name="sun.boot.library.path" value="/usr/java/jdk1.6.0_30/jre/lib/i386"/>
    <property name="java.vm.version" value="20.5-b03"/>
    <property name="java.vm.vendor" value="Sun Microsystems Inc."/>
    <property name="java.vendor.url" value="http://java.sun.com/"/>
    <property name="path.separator" value=":"/>
    <property name="java.vm.name" value="Java HotSpot(TM) Client VM"/>
    <property name="file.encoding.pkg" value="sun.io"/>
    <property name="user.country" value="FR"/>
    <property name="sun.java.launcher" value="SUN_STANDARD"/>
    <property name="sun.os.patch.level" value="unknown"/>
    <property name="java.vm.specification.name" value="Java Virtual Machine Specification"/>
    <property name="user.dir" value="/home/etu2/workspace/MySimpleXML"/>
    <property name="java.runtime.version" value="1.6.0_30-b12"/>
    <property name="java.awt.graphicsenv" value="sun.awt.X11GraphicsEnvironment"/>
    <property name="basedir" value="/home/etu2/workspace/MySimpleXML"/>
    <property name="java.endorsed.dirs" value="/usr/java/jdk1.6.0_30/jre/lib/endorsed"/>
    <property name="os.arch" value="i386"/>
    <property name="surefire.real.class.path" value="/home/etu2/workspace/MySimpleXML/target/surefire/surefirebooter2268784954757307936.jar"/>
    <property name="java.io.tmpdir" value="/tmp"/>
    <property name="line.separator" value="
"/>
    <property name="java.vm.specification.vendor" value="Sun Microsystems Inc."/>
    <property name="os.name" value="Linux"/>
    <property name="sun.jnu.encoding" value="UTF-8"/>
    <property name="java.library.path" value="/usr/java/jdk1.6.0_30/jre/lib/i386/client:/usr/java/jdk1.6.0_30/jre/lib/i386:/usr/java/jdk1.6.0_30/jre/../lib/i386:/usr/java/packages/lib/i386:/lib:/usr/lib"/>
    <property name="surefire.test.class.path" value="/home/etu2/workspace/MySimpleXML/target/test-classes:/home/etu2/workspace/MySimpleXML/target/classes:/home/etu2/.m2/repository/junit/junit/4.10/junit-4.10.jar:/home/etu2/.m2/repository/org/hamcrest/hamcrest-core/1.1/hamcrest-core-1.1.jar:/home/etu2/.m2/repository/xom/xom/1.2.5/xom-1.2.5.jar:/home/etu2/.m2/repository/xml-apis/xml-apis/1.3.03/xml-apis-1.3.03.jar:/home/etu2/.m2/repository/xerces/xercesImpl/2.8.0/xercesImpl-2.8.0.jar:/home/etu2/.m2/repository/xalan/xalan/2.7.0/xalan-2.7.0.jar:"/>
    <property name="java.specification.name" value="Java Platform API Specification"/>
    <property name="java.class.version" value="50.0"/>
    <property name="sun.management.compiler" value="HotSpot Client Compiler"/>
    <property name="os.version" value="2.6.18-194.32.1.el5"/>
    <property name="user.home" value="/home/etu2"/>
    <property name="user.timezone" value=""/>
    <property name="java.awt.printerjob" value="sun.print.PSPrinterJob"/>
    <property name="file.encoding" value="UTF-8"/>
    <property name="java.specification.version" value="1.6"/>
    <property name="user.name" value="etu2"/>
    <property name="java.class.path" value="/home/etu2/workspace/MySimpleXML/target/test-classes:/home/etu2/workspace/MySimpleXML/target/classes:/home/etu2/.m2/repository/junit/junit/4.10/junit-4.10.jar:/home/etu2/.m2/repository/org/hamcrest/hamcrest-core/1.1/hamcrest-core-1.1.jar:/home/etu2/.m2/repository/xom/xom/1.2.5/xom-1.2.5.jar:/home/etu2/.m2/repository/xml-apis/xml-apis/1.3.03/xml-apis-1.3.03.jar:/home/etu2/.m2/repository/xerces/xercesImpl/2.8.0/xercesImpl-2.8.0.jar:/home/etu2/.m2/repository/xalan/xalan/2.7.0/xalan-2.7.0.jar:"/>
    <property name="java.vm.specification.version" value="1.0"/>
    <property name="sun.arch.data.model" value="32"/>
    <property name="java.home" value="/usr/java/jdk1.6.0_30/jre"/>
    <property name="sun.java.command" value="/home/etu2/workspace/MySimpleXML/target/surefire/surefirebooter2268784954757307936.jar /home/etu2/workspace/MySimpleXML/target/surefire/surefire6169853956457336234tmp /home/etu2/workspace/MySimpleXML/target/surefire/surefire801780681257917885tmp"/>
    <property name="java.specification.vendor" value="Sun Microsystems Inc."/>
    <property name="user.language" value="fr"/>
    <property name="java.vm.info" value="mixed mode, sharing"/>
    <property name="java.version" value="1.6.0_30"/>
    <property name="java.ext.dirs" value="/usr/java/jdk1.6.0_30/jre/lib/ext:/usr/java/packages/lib/ext"/>
    <property name="sun.boot.class.path" value="/usr/java/jdk1.6.0_30/jre/lib/resources.jar:/usr/java/jdk1.6.0_30/jre/lib/rt.jar:/usr/java/jdk1.6.0_30/jre/lib/sunrsasign.jar:/usr/java/jdk1.6.0_30/jre/lib/jsse.jar:/usr/java/jdk1.6.0_30/jre/lib/jce.jar:/usr/java/jdk1.6.0_30/jre/lib/charsets.jar:/usr/java/jdk1.6.0_30/jre/lib/modules/jdk.boot.jar:/usr/java/jdk1.6.0_30/jre/classes"/>
    <property name="java.vendor" value="Sun Microsystems Inc."/>
    <property name="localRepository" value="/home/etu2/.m2/repository"/>
    <property name="file.separator" value="/"/>
    <property name="java.vendor.url.bug" value="http://java.sun.com/cgi-bin/bugreport.cgi"/>
    <property name="sun.cpu.endian" value="little"/>
    <property name="sun.io.unicode.encoding" value="UnicodeLittle"/>
    <property name="sun.desktop" value="gnome"/>
    <property name="sun.cpu.isalist" value=""/>
  </properties>
  <testcase time="0.002" classname="dcll.bth.MySimpleXML.AppTest" name="testApp"/>
</testsuite>